\BOOKMARK [1][-]{section.1}{Combinatorial\040Analysis}{}% 1
\BOOKMARK [2][-]{subsection.1.1}{Introduction}{section.1}% 2
\BOOKMARK [2][-]{subsection.1.2}{The\040Basic\040Principle\040of\040Counting}{section.1}% 3
\BOOKMARK [2][-]{subsection.1.3}{Permutations}{section.1}% 4
\BOOKMARK [2][-]{subsection.1.4}{Combinations}{section.1}% 5
\BOOKMARK [2][-]{subsection.1.5}{Mutinomial\040Coefficient}{section.1}% 6
\BOOKMARK [2][-]{subsection.1.6}{The\040number\040of\040Interger\040Solutions\040of\040Equations}{section.1}% 7
\BOOKMARK [1][-]{section.2}{Axioms\040of\040Probability\040Theory}{}% 8
\BOOKMARK [2][-]{subsection.2.1}{Sample\040Space\040and\040Events}{section.2}% 9
\BOOKMARK [2][-]{subsection.2.2}{Axioms\040of\040Probability}{section.2}% 10
\BOOKMARK [2][-]{subsection.2.3}{Probability\040As\040A\040Continuous\040Set\040Function}{section.2}% 11
\BOOKMARK [1][-]{section.3}{Conditional\040Probability\040and\040Independence}{}% 12
\BOOKMARK [2][-]{subsection.3.1}{Bayes's\040Formula}{section.3}% 13
\BOOKMARK [2][-]{subsection.3.2}{Independent\040Events}{section.3}% 14
\BOOKMARK [1][-]{section.4}{Random\040Variables}{}% 15
\BOOKMARK [2][-]{subsection.4.1}{Random\040Variable}{section.4}% 16
\BOOKMARK [2][-]{subsection.4.2}{Discrete\040Random\040Variables}{section.4}% 17
\BOOKMARK [2][-]{subsection.4.3}{Expected\040Value}{section.4}% 18
\BOOKMARK [2][-]{subsection.4.4}{Exceptation\040of\040A\040Function\040of\040A\040Random\040Variable}{section.4}% 19
\BOOKMARK [2][-]{subsection.4.5}{Variance}{section.4}% 20
\BOOKMARK [2][-]{subsection.4.6}{The\040Bernoulli\040And\040Binomial\040Random\040Variables}{section.4}% 21
\BOOKMARK [3][-]{subsubsection.4.6.1}{Properties\040of\040Binomial\040Random\040Variables}{subsection.4.6}% 22
\BOOKMARK [3][-]{subsubsection.4.6.2}{Computing\040the\040Binomial\040Distribution\040Function}{subsection.4.6}% 23
\BOOKMARK [2][-]{subsection.4.7}{The\040Poisson\040Random\040Variable}{section.4}% 24
\BOOKMARK [2][-]{subsection.4.8}{Other\040Distributions}{section.4}% 25
\BOOKMARK [3][-]{subsubsection.4.8.1}{Geometruc\040Random\040Variable}{subsection.4.8}% 26
\BOOKMARK [3][-]{subsubsection.4.8.2}{Negative\040Binomial\040Random\040Variable}{subsection.4.8}% 27
\BOOKMARK [3][-]{subsubsection.4.8.3}{Hypergeometric\040Random\040Variable}{subsection.4.8}% 28
\BOOKMARK [3][-]{subsubsection.4.8.4}{The\040Zeta\040\(or\040Zipf\)\040Distribution}{subsection.4.8}% 29
\BOOKMARK [1][-]{section.5}{Continuous\040Random\040Variables}{}% 30
\BOOKMARK [2][-]{subsection.5.1}{Introduction}{section.5}% 31
\BOOKMARK [2][-]{subsection.5.2}{Expectation\040and\040Variance\040of\040Continuous\040Random\040Variables}{section.5}% 32
\BOOKMARK [2][-]{subsection.5.3}{The\040Uniform\040Random\040Variable}{section.5}% 33
\BOOKMARK [2][-]{subsection.5.4}{Normal\040Random\040Variables}{section.5}% 34
\BOOKMARK [3][-]{subsubsection.5.4.1}{The\040Normal\040Approximation\040to\040the\040Binomial\040Distribution}{subsection.5.4}% 35
\BOOKMARK [2][-]{subsection.5.5}{Exponetial\040Random\040Variable}{section.5}% 36
\BOOKMARK [2][-]{subsection.5.6}{Other\040Continuous\040Distributions}{section.5}% 37
\BOOKMARK [3][-]{subsubsection.5.6.1}{The\040Gamma\040Distribution}{subsection.5.6}% 38
\BOOKMARK [3][-]{subsubsection.5.6.2}{The\040Weibull\040Distribution}{subsection.5.6}% 39
\BOOKMARK [3][-]{subsubsection.5.6.3}{The\040Cauchy\040Distribution}{subsection.5.6}% 40
\BOOKMARK [3][-]{subsubsection.5.6.4}{The\040Beta\040Distribution}{subsection.5.6}% 41
