\BOOKMARK [2][-]{section*.1}{Moment Generation Function}{}% 1
\BOOKMARK [2][-]{section*.2}{Binomial Distribution}{}% 2
\BOOKMARK [2][-]{section*.3}{Geometric Distribution}{}% 3
\BOOKMARK [2][-]{section*.4}{Negative Binomial Distribution}{}% 4
\BOOKMARK [2][-]{section*.5}{Hypergeometric Distribution}{}% 5
\BOOKMARK [2][-]{section*.6}{Multinomial Distribution}{}% 6
\BOOKMARK [2][-]{section*.7}{Poisson Distribution}{}% 7
\BOOKMARK [2][-]{section*.8}{Uniform Distribution}{}% 8
\BOOKMARK [2][-]{section*.9}{Exponential Distribution}{}% 9
\BOOKMARK [2][-]{section*.10}{Gamma Distribution}{}% 10
\BOOKMARK [2][-]{section*.11}{Multivariate Distributions}{}% 11
\BOOKMARK [2][-]{section*.12}{Central Limit Theorem}{}% 12
\BOOKMARK [2][-]{section*.13}{Normal Distribution}{}% 13
\BOOKMARK [2][-]{section*.14}{Point Estimation of f\(x;\)}{}% 14
\BOOKMARK [2][-]{section*.15}{Confidence Interval}{}% 15
\BOOKMARK [2][-]{section*.16}{Hypothesis Test}{}% 16
\BOOKMARK [2][-]{section*.17}{Combination of two population}{}% 17
\BOOKMARK [2][-]{section*.18}{Matched Pair Comparison}{}% 18
\BOOKMARK [2][-]{section*.19}{2 test for goodness of fit}{}% 19
\BOOKMARK [2][-]{section*.20}{Critical Normal Distribution Table}{}% 20
