This is pdfTeX, Version 3.14159265-2.6-1.40.16 (TeX Live 2015) (preloaded format=pdflatex 2015.5.24)  3 OCT 2016 16:20
entering extended mode
 restricted \write18 enabled.
 file:line:error style messages enabled.
 %&-line parsing enabled.
**HW6.tex
(./HW6.tex
LaTeX2e <2015/01/01>
Babel <3.9l> and hyphenation patterns for 79 languages loaded.
(/usr/local/texlive/2015/texmf-dist/tex/latex/base/article.cls
Document Class: article 2014/09/29 v1.4h Standard LaTeX document class
(/usr/local/texlive/2015/texmf-dist/tex/latex/base/size11.clo
File: size11.clo 2014/09/29 v1.4h Standard LaTeX file (size option)
)
\c@part=\count79
\c@section=\count80
\c@subsection=\count81
\c@subsubsection=\count82
\c@paragraph=\count83
\c@subparagraph=\count84
\c@figure=\count85
\c@table=\count86
\abovecaptionskip=\skip41
\belowcaptionskip=\skip42
\bibindent=\dimen102
)
Runaway argument?
{../ \begin {document} 
./HW6.tex:4: Paragraph ended before \@iinput was complete.
<to be read again> 
                   \par 
l.4 
    
I suspect you've forgotten a `}', causing me to apply this
control sequence to too much text. How can we recover?
My plan is to forget the whole thing and hope for the best.

./HW6.tex:5: I can't find file `HW6.aux'.
\enddocument ...keatletter \@@input \jobname .aux 
                                                  \fi \@dofilelist \ifdim \f...
l.5 \end{document}
                  
(Press Enter to retry, or Control-D to exit)
Please type another input file name
./HW6.tex:5: Emergency stop.
\enddocument ...keatletter \@@input \jobname .aux 
                                                  \fi \@dofilelist \ifdim \f...
l.5 \end{document}
                  
*** (job aborted, file error in nonstop mode)

 
Here is how much of TeX's memory you used:
 197 strings out of 493089
 2222 string characters out of 6134842
 53199 words of memory out of 5000000
 3773 multiletter control sequences out of 15000+600000
 3940 words of font info for 15 fonts, out of 8000000 for 9000
 1141 hyphenation exceptions out of 8191
 21i,0n,19p,119b,36s stack positions out of 5000i,500n,10000p,200000b,80000s
./HW6.tex:5:  ==> Fatal error occurred, no output PDF file produced!
