This is pdfTeX, Version 3.14159265-2.6-1.40.16 (TeX Live 2015) (preloaded format=pdflatex 2015.5.24)  12 SEP 2016 16:48
entering extended mode
 restricted \write18 enabled.
 file:line:error style messages enabled.
 %&-line parsing enabled.
**HW2.tex
(./HW2.tex
LaTeX2e <2015/01/01>
Babel <3.9l> and hyphenation patterns for 79 languages loaded.
(/usr/local/texlive/2015/texmf-dist/tex/latex/base/article.cls
Document Class: article 2014/09/29 v1.4h Standard LaTeX document class
(/usr/local/texlive/2015/texmf-dist/tex/latex/base/size11.clo
File: size11.clo 2014/09/29 v1.4h Standard LaTeX file (size option)
)
\c@part=\count79
\c@section=\count80
\c@subsection=\count81
\c@subsubsection=\count82
\c@paragraph=\count83
\c@subparagraph=\count84
\c@figure=\count85
\c@table=\count86
\abovecaptionskip=\skip41
\belowcaptionskip=\skip42
\bibindent=\dimen102
) (../../packages.tex)
./HW2.tex:4: Undefined control sequence.
<argument> \undefinedpagestyle 
                               
l.4 \pagestyle{fancy}
                     
The control sequence at the end of the top line
of your error message was never \def'ed. If you have
misspelled it (e.g., `\hobx'), type `I' and the correct
spelling (e.g., `I\hbox'). Otherwise just continue,
and I'll forget about whatever was undefined.

./HW2.tex:5: Undefined control sequence.
l.5 \fancyhead
              [L]{Math 347}
The control sequence at the end of the top line
of your error message was never \def'ed. If you have
misspelled it (e.g., `\hobx'), type `I' and the correct
spelling (e.g., `I\hbox'). Otherwise just continue,
and I'll forget about whatever was undefined.


./HW2.tex:5: LaTeX Error: Missing \begin{document}.

See the LaTeX manual or LaTeX Companion for explanation.
Type  H <return>  for immediate help.
 ...                                              
                                                  
l.5 \fancyhead[
               L]{Math 347}
You're in trouble here.  Try typing  <return>  to proceed.
If that doesn't work, type  X <return>  to quit.

./HW2.tex:6: Undefined control sequence.
l.6 \fancyhead
              [C]{HW2}
The control sequence at the end of the top line
of your error message was never \def'ed. If you have
misspelled it (e.g., `\hobx'), type `I' and the correct
spelling (e.g., `I\hbox'). Otherwise just continue,
and I'll forget about whatever was undefined.

./HW2.tex:7: Undefined control sequence.
l.7 \fancyhead
              [R]{Lanxiao Bai(lbai5)}
The control sequence at the end of the top line
of your error message was never \def'ed. If you have
misspelled it (e.g., `\hobx'), type `I' and the correct
spelling (e.g., `I\hbox'). Otherwise just continue,
and I'll forget about whatever was undefined.

(/Users/hermitebai/Documents/UIUC/2016FA/Math 347/HW/.texpadtmp/HW2.aux)
\openout1 = `HW2.aux'.

LaTeX Font Info:    Checking defaults for OML/cmm/m/it on input line 8.
LaTeX Font Info:    ... okay on input line 8.
LaTeX Font Info:    Checking defaults for T1/cmr/m/n on input line 8.
LaTeX Font Info:    ... okay on input line 8.
LaTeX Font Info:    Checking defaults for OT1/cmr/m/n on input line 8.
LaTeX Font Info:    ... okay on input line 8.
LaTeX Font Info:    Checking defaults for OMS/cmsy/m/n on input line 8.
LaTeX Font Info:    ... okay on input line 8.
LaTeX Font Info:    Checking defaults for OMX/cmex/m/n on input line 8.
LaTeX Font Info:    ... okay on input line 8.
LaTeX Font Info:    Checking defaults for U/cmr/m/n on input line 8.
LaTeX Font Info:    ... okay on input line 8.
LaTeX Font Info:    External font `cmex10' loaded for size
(Font)              <10.95> on input line 9.
LaTeX Font Info:    External font `cmex10' loaded for size
(Font)              <8> on input line 9.
LaTeX Font Info:    External font `cmex10' loaded for size
(Font)              <6> on input line 9.

./HW2.tex:9: Undefined control sequence.
l.9 ...t $a(x^2 - y^2) + b(x - y) = 0 \nRightarrow
                                                   ax^2 + bx + c = 0, ay^2 +...
The control sequence at the end of the top line
of your error message was never \def'ed. If you have
misspelled it (e.g., `\hobx'), type `I' and the correct
spelling (e.g., `I\hbox'). Otherwise just continue,
and I'll forget about whatever was undefined.

./HW2.tex:13: Undefined control sequence.
l.13 ... is at least one pair of $x, y \in \mathbb
                                                  {R}$, $(f(x) \neq f(y) \ve...
The control sequence at the end of the top line
of your error message was never \def'ed. If you have
misspelled it (e.g., `\hobx'), type `I' and the correct
spelling (e.g., `I\hbox'). Otherwise just continue,
and I'll forget about whatever was undefined.

./HW2.tex:14: Undefined control sequence.
l.14 ...h{(d)} There's at least one $b \in \mathbb
                                                  {R}$, for all $x \in \math...
The control sequence at the end of the top line
of your error message was never \def'ed. If you have
misspelled it (e.g., `\hobx'), type `I' and the correct
spelling (e.g., `I\hbox'). Otherwise just continue,
and I'll forget about whatever was undefined.

./HW2.tex:14: Undefined control sequence.
l.14 ...$b \in \mathbb{R}$, for all $x \in \mathbb
                                                  {R}$ such that $f(x) \neq b$.
The control sequence at the end of the top line
of your error message was never \def'ed. If you have
misspelled it (e.g., `\hobx'), type `I' and the correct
spelling (e.g., `I\hbox'). Otherwise just continue,
and I'll forget about whatever was undefined.

./HW2.tex:15: Undefined control sequence.
l.15 ...'s at least one group of $x, y \in \mathbb
                                                  {R}, \epsilon \in P$, for ...
The control sequence at the end of the top line
of your error message was never \def'ed. If you have
misspelled it (e.g., `\hobx'), type `I' and the correct
spelling (e.g., `I\hbox'). Otherwise just continue,
and I'll forget about whatever was undefined.

./HW2.tex:16: Undefined control sequence.
l.16 ...e's at least one pair of $x, y \in \mathbb
                                                  {R}$, $|x - y| \geq \delta...
The control sequence at the end of the top line
of your error message was never \def'ed. If you have
misspelled it (e.g., `\hobx'), type `I' and the correct
spelling (e.g., `I\hbox'). Otherwise just continue,
and I'll forget about whatever was undefined.

./HW2.tex:17: Undefined control sequence.
l.17 ...: There exists at least one $n \in \mathbb
                                                  {Z}, n > 0$, that for all ...
The control sequence at the end of the top line
of your error message was never \def'ed. If you have
misspelled it (e.g., `\hobx'), type `I' and the correct
spelling (e.g., `I\hbox'). Otherwise just continue,
and I'll forget about whatever was undefined.

./HW2.tex:17: Undefined control sequence.
l.17 ...bb{Z}, n > 0$, that for all $x \in \mathbb
                                                  {R}, x > 0)$ that $x \geq ...
The control sequence at the end of the top line
of your error message was never \def'ed. If you have
misspelled it (e.g., `\hobx'), type `I' and the correct
spelling (e.g., `I\hbox'). Otherwise just continue,
and I'll forget about whatever was undefined.

./HW2.tex:20: Undefined control sequence.
l.20 ...$0$. If not, $y = -x/(x^4 + a) \in \mathbb
                                                  {R}$ is guaranteed by the ...
The control sequence at the end of the top line
of your error message was never \def'ed. If you have
misspelled it (e.g., `\hobx'), type `I' and the correct
spelling (e.g., `I\hbox'). Otherwise just continue,
and I'll forget about whatever was undefined.

./HW2.tex:22: Undefined control sequence.
l.22     Thus, the set is $\{a \in \mathbb
                                          {R}| a > 0\}$.
The control sequence at the end of the top line
of your error message was never \def'ed. If you have
misspelled it (e.g., `\hobx'), type `I' and the correct
spelling (e.g., `I\hbox'). Otherwise just continue,
and I'll forget about whatever was undefined.

[1

{/usr/local/texlive/2015/texmf-var/fonts/map/pdftex/updmap/pdftex.map}]
./HW2.tex:30: Undefined control sequence.
l.30 ...{Claim:} It is true that if $n \in \mathbb
                                                  {N}$ and $n^2 + (n+1)^2 = ...
The control sequence at the end of the top line
of your error message was never \def'ed. If you have
misspelled it (e.g., `\hobx'), type `I' and the correct
spelling (e.g., `I\hbox'). Otherwise just continue,
and I'll forget about whatever was undefined.


Underfull \hbox (badness 10000) in paragraph at lines 30--31

 []

./HW2.tex:32: Undefined control sequence.
l.32 ...hus $(n-3)(n+1) = 0$, since $n \in \mathbb
                                                  {N}$, $n \neq -1$. As a re...
The control sequence at the end of the top line
of your error message was never \def'ed. If you have
misspelled it (e.g., `\hobx'), type `I' and the correct
spelling (e.g., `I\hbox'). Otherwise just continue,
and I'll forget about whatever was undefined.

./HW2.tex:33: Undefined control sequence.
l.33 ...m:} It is true that $\forall n \in \mathbb
                                                  {N}$, it is false that $(n...
The control sequence at the end of the top line
of your error message was never \def'ed. If you have
misspelled it (e.g., `\hobx'), type `I' and the correct
spelling (e.g., `I\hbox'). Otherwise just continue,
and I'll forget about whatever was undefined.


Underfull \hbox (badness 10000) in paragraph at lines 33--34

 []

./HW2.tex:37: Undefined control sequence.
l.37 ...hus it is true that $\forall n \in \mathbb
                                                  {N}$, it is false that $(n...
The control sequence at the end of the top line
of your error message was never \def'ed. If you have
misspelled it (e.g., `\hobx'), type `I' and the correct
spelling (e.g., `I\hbox'). Otherwise just continue,
and I'll forget about whatever was undefined.

./HW2.tex:42: Undefined control sequence.
l.42 If $x, y \in \mathbb
                         {R}, x \neq y$ and $(x+1)^2 = (y+1)^2$, then $x^2 +...
The control sequence at the end of the top line
of your error message was never \def'ed. If you have
misspelled it (e.g., `\hobx'), type `I' and the correct
spelling (e.g., `I\hbox'). Otherwise just continue,
and I'll forget about whatever was undefined.

./HW2.tex:48: Undefined control sequence.
l.48 Thus, $x, y \in \mathbb
                            {R}, x \neq y$, $(x+1)^2 = (y+1)^2 \Leftrightarr...
The control sequence at the end of the top line
of your error message was never \def'ed. If you have
misspelled it (e.g., `\hobx'), type `I' and the correct
spelling (e.g., `I\hbox'). Otherwise just continue,
and I'll forget about whatever was undefined.

[2] [3] (/Users/hermitebai/Documents/UIUC/2016FA/Math 347/HW/.texpadtmp/HW2.aux) ) 
Here is how much of TeX's memory you used:
 228 strings out of 493089
 2868 string characters out of 6134842
 59199 words of memory out of 5000000
 3787 multiletter control sequences out of 15000+600000
 6687 words of font info for 24 fonts, out of 8000000 for 9000
 1141 hyphenation exceptions out of 8191
 21i,4n,19p,385b,109s stack positions out of 5000i,500n,10000p,200000b,80000s
</usr/local/texlive/2015/texmf-dist/fonts/type1/public/amsfonts/cm/cmbx10.pfb></usr/local/texlive/2015/texmf-dist/fonts/type1/public/amsfonts/cm/cmmi10.pfb></usr/local/texlive/2015/texmf-dist/fonts/type1/public/amsfonts/cm/cmr10.pfb></usr/local/texlive/2015/texmf-dist/fonts/type1/public/amsfonts/cm/cmr8.pfb></usr/local/texlive/2015/texmf-dist/fonts/type1/public/amsfonts/cm/cmsy10.pfb>
Output written on "/Users/hermitebai/Documents/UIUC/2016FA/Math 347/HW/.texpadtmp/HW2.pdf" (3 pages, 69468 bytes).
PDF statistics:
 34 PDF objects out of 1000 (max. 8388607)
 23 compressed objects within 1 object stream
 0 named destinations out of 1000 (max. 500000)
 1 words of extra memory for PDF output out of 10000 (max. 10000000)

