\BOOKMARK [1][-]{section.1}{基于判别式的分类}{}% 1
\BOOKMARK [2][-]{subsection.1.1}{线性判别式\(Linear discriminant\)}{section.1}% 2
\BOOKMARK [2][-]{subsection.1.2}{梯度下降法\(Gradient Descent\)}{section.1}% 3
\BOOKMARK [3][-]{subsubsection.1.2.1}{2类问题}{subsection.1.2}% 4
\BOOKMARK [3][-]{subsubsection.1.2.2}{K类问题}{subsection.1.2}% 5
\BOOKMARK [1][-]{section.2}{决策树\(Decision Tree\)}{}% 6
\BOOKMARK [2][-]{subsection.2.1}{分类树}{section.2}% 7
\BOOKMARK [2][-]{subsection.2.2}{回归树}{section.2}% 8
\BOOKMARK [2][-]{subsection.2.3}{剪枝}{section.2}% 9
\BOOKMARK [2][-]{subsection.2.4}{随机森林\(Random Forest\)}{section.2}% 10
\BOOKMARK [1][-]{section.3}{感知机和人工神经网络\(Artificial Neural Network\)}{}% 11
\BOOKMARK [2][-]{subsection.3.1}{感知器\(Perceptron\)}{section.3}% 12
\BOOKMARK [2][-]{subsection.3.2}{多层感知器}{section.3}% 13
\BOOKMARK [2][-]{subsection.3.3}{后向传播算法\(BP\)}{section.3}% 14
\BOOKMARK [3][-]{subsubsection.3.3.1}{非线性回归}{subsection.3.3}% 15
\BOOKMARK [3][-]{subsubsection.3.3.2}{2类判别式}{subsection.3.3}% 16
\BOOKMARK [3][-]{subsubsection.3.3.3}{多类判别式}{subsection.3.3}% 17
\BOOKMARK [3][-]{subsubsection.3.3.4}{多个隐藏层}{subsection.3.3}% 18
\BOOKMARK [2][-]{subsection.3.4}{训练过程}{section.3}% 19
\BOOKMARK [3][-]{subsubsection.3.4.1}{加速收敛}{subsection.3.4}% 20
\BOOKMARK [3][-]{subsubsection.3.4.2}{防止过拟合}{subsection.3.4}% 21
\BOOKMARK [3][-]{subsubsection.3.4.3}{应用与扩展}{subsection.3.4}% 22
