This is pdfTeX, Version 3.14159265-2.6-1.40.16 (TeX Live 2015) (preloaded format=pdftex 2015.5.24)  21 DEC 2016 10:54
entering extended mode
 restricted \write18 enabled.
 file:line:error style messages enabled.
 %&-line parsing enabled.
**/Users/hermitebai/Documents/UIUC/2016FA/packages.tex
(/Users/hermitebai/Documents/UIUC/2016FA/packages.tex
/Users/hermitebai/Documents/UIUC/2016FA/packages.tex:2: Undefined control sequence.
l.2 \usepackage
               {amsmath}
The control sequence at the end of the top line
of your error message was never \def'ed. If you have
misspelled it (e.g., `\hobx'), type `I' and the correct
spelling (e.g., `I\hbox'). Otherwise just continue,
and I'll forget about whatever was undefined.

/Users/hermitebai/Documents/UIUC/2016FA/packages.tex:3: Undefined control sequence.
l.3 \usepackage
               {amssymb}
The control sequence at the end of the top line
of your error message was never \def'ed. If you have
misspelled it (e.g., `\hobx'), type `I' and the correct
spelling (e.g., `I\hbox'). Otherwise just continue,
and I'll forget about whatever was undefined.

/Users/hermitebai/Documents/UIUC/2016FA/packages.tex:4: Undefined control sequence.
l.4 \usepackage
               {amsfonts}
The control sequence at the end of the top line
of your error message was never \def'ed. If you have
misspelled it (e.g., `\hobx'), type `I' and the correct
spelling (e.g., `I\hbox'). Otherwise just continue,
and I'll forget about whatever was undefined.

/Users/hermitebai/Documents/UIUC/2016FA/packages.tex:5: Undefined control sequence.
l.5 \usepackage
               {tocloft}
The control sequence at the end of the top line
of your error message was never \def'ed. If you have
misspelled it (e.g., `\hobx'), type `I' and the correct
spelling (e.g., `I\hbox'). Otherwise just continue,
and I'll forget about whatever was undefined.

/Users/hermitebai/Documents/UIUC/2016FA/packages.tex:6: Undefined control sequence.
l.6 \usepackage
               {float}
The control sequence at the end of the top line
of your error message was never \def'ed. If you have
misspelled it (e.g., `\hobx'), type `I' and the correct
spelling (e.g., `I\hbox'). Otherwise just continue,
and I'll forget about whatever was undefined.

/Users/hermitebai/Documents/UIUC/2016FA/packages.tex:7: Undefined control sequence.
l.7 \usepackage
               {graphicx}
The control sequence at the end of the top line
of your error message was never \def'ed. If you have
misspelled it (e.g., `\hobx'), type `I' and the correct
spelling (e.g., `I\hbox'). Otherwise just continue,
and I'll forget about whatever was undefined.

/Users/hermitebai/Documents/UIUC/2016FA/packages.tex:8: Undefined control sequence.
l.8 \usepackage
               [bookmarks=true]{hyperref}
The control sequence at the end of the top line
of your error message was never \def'ed. If you have
misspelled it (e.g., `\hobx'), type `I' and the correct
spelling (e.g., `I\hbox'). Otherwise just continue,
and I'll forget about whatever was undefined.

/Users/hermitebai/Documents/UIUC/2016FA/packages.tex:9: Undefined control sequence.
l.9 \usepackage
               {fancyhdr}
The control sequence at the end of the top line
of your error message was never \def'ed. If you have
misspelled it (e.g., `\hobx'), type `I' and the correct
spelling (e.g., `I\hbox'). Otherwise just continue,
and I'll forget about whatever was undefined.

/Users/hermitebai/Documents/UIUC/2016FA/packages.tex:13: Undefined control sequence.
l.13 \newtheorem
                {definition}{Definition}[subsection]
The control sequence at the end of the top line
of your error message was never \def'ed. If you have
misspelled it (e.g., `\hobx'), type `I' and the correct
spelling (e.g., `I\hbox'). Otherwise just continue,
and I'll forget about whatever was undefined.

/Users/hermitebai/Documents/UIUC/2016FA/packages.tex:14: Undefined control sequence.
l.14 \newtheorem
                {theorem}{Theorem}[subsection]
The control sequence at the end of the top line
of your error message was never \def'ed. If you have
misspelled it (e.g., `\hobx'), type `I' and the correct
spelling (e.g., `I\hbox'). Otherwise just continue,
and I'll forget about whatever was undefined.

/Users/hermitebai/Documents/UIUC/2016FA/packages.tex:15: Undefined control sequence.
l.15 \newtheorem
                {proposition}{Proposition}[subsection]
The control sequence at the end of the top line
of your error message was never \def'ed. If you have
misspelled it (e.g., `\hobx'), type `I' and the correct
spelling (e.g., `I\hbox'). Otherwise just continue,
and I'll forget about whatever was undefined.

/Users/hermitebai/Documents/UIUC/2016FA/packages.tex:16: Undefined control sequence.
l.16 \newtheorem
                {lemma}{Lemma}[subsection]
The control sequence at the end of the top line
of your error message was never \def'ed. If you have
misspelled it (e.g., `\hobx'), type `I' and the correct
spelling (e.g., `I\hbox'). Otherwise just continue,
and I'll forget about whatever was undefined.

/Users/hermitebai/Documents/UIUC/2016FA/packages.tex:17: Undefined control sequence.
l.17 \newtheorem
                {corollary}{Corollary}[subsection]
The control sequence at the end of the top line
of your error message was never \def'ed. If you have
misspelled it (e.g., `\hobx'), type `I' and the correct
spelling (e.g., `I\hbox'). Otherwise just continue,
and I'll forget about whatever was undefined.

)
! Emergency stop.
<*> ...rmitebai/Documents/UIUC/2016FA/packages.tex
                                                  
*** (job aborted, no legal \end found)

!  ==> Fatal error occurred, no output PDF file produced!
