\BOOKMARK [1][-]{section.1}{Combinatorial Analysis}{}% 1
\BOOKMARK [2][-]{subsection.1.1}{Introduction}{section.1}% 2
\BOOKMARK [2][-]{subsection.1.2}{The Basic Principle of Counting}{section.1}% 3
\BOOKMARK [2][-]{subsection.1.3}{Permutations}{section.1}% 4
\BOOKMARK [2][-]{subsection.1.4}{Combinations}{section.1}% 5
\BOOKMARK [2][-]{subsection.1.5}{Mutinomial Coefficient}{section.1}% 6
\BOOKMARK [2][-]{subsection.1.6}{The number of Interger Solutions of Equations}{section.1}% 7
\BOOKMARK [1][-]{section.2}{Axioms of Probability Theory}{}% 8
\BOOKMARK [2][-]{subsection.2.1}{Sample Space and Events}{section.2}% 9
\BOOKMARK [2][-]{subsection.2.2}{Axioms of Probability}{section.2}% 10
\BOOKMARK [2][-]{subsection.2.3}{Probability As A Continuous Set Function}{section.2}% 11
\BOOKMARK [1][-]{section.3}{Conditional Probability and Independence}{}% 12
\BOOKMARK [2][-]{subsection.3.1}{Bayes's Formula}{section.3}% 13
\BOOKMARK [2][-]{subsection.3.2}{Independent Events}{section.3}% 14
\BOOKMARK [1][-]{section.4}{Random Variables}{}% 15
\BOOKMARK [2][-]{subsection.4.1}{Random Variable}{section.4}% 16
\BOOKMARK [2][-]{subsection.4.2}{Discrete Random Variables}{section.4}% 17
\BOOKMARK [2][-]{subsection.4.3}{Expected Value}{section.4}% 18
\BOOKMARK [2][-]{subsection.4.4}{Exceptation of A Function of A Random Variable}{section.4}% 19
\BOOKMARK [2][-]{subsection.4.5}{Variance}{section.4}% 20
\BOOKMARK [2][-]{subsection.4.6}{The Bernoulli And Binomial Random Variables}{section.4}% 21
\BOOKMARK [3][-]{subsubsection.4.6.1}{Properties of Binomial Random Variables}{subsection.4.6}% 22
\BOOKMARK [3][-]{subsubsection.4.6.2}{Computing the Binomial Distribution Function}{subsection.4.6}% 23
\BOOKMARK [2][-]{subsection.4.7}{The Poisson Random Variable}{section.4}% 24
\BOOKMARK [2][-]{subsection.4.8}{Other Distributions}{section.4}% 25
\BOOKMARK [3][-]{subsubsection.4.8.1}{Geometric Random Variable}{subsection.4.8}% 26
\BOOKMARK [3][-]{subsubsection.4.8.2}{Negative Binomial Random Variable}{subsection.4.8}% 27
\BOOKMARK [3][-]{subsubsection.4.8.3}{Hypergeometric Random Variable}{subsection.4.8}% 28
\BOOKMARK [3][-]{subsubsection.4.8.4}{The Zeta \(or Zipf\) Distribution}{subsection.4.8}% 29
\BOOKMARK [1][-]{section.5}{Continuous Random Variables}{}% 30
\BOOKMARK [2][-]{subsection.5.1}{Introduction}{section.5}% 31
\BOOKMARK [2][-]{subsection.5.2}{Expectation and Variance of Continuous Random Variables}{section.5}% 32
\BOOKMARK [2][-]{subsection.5.3}{The Uniform Random Variable}{section.5}% 33
\BOOKMARK [2][-]{subsection.5.4}{Normal Random Variables}{section.5}% 34
\BOOKMARK [3][-]{subsubsection.5.4.1}{The Normal Approximation to the Binomial Distribution}{subsection.5.4}% 35
\BOOKMARK [2][-]{subsection.5.5}{Exponetial Random Variable}{section.5}% 36
\BOOKMARK [2][-]{subsection.5.6}{Other Continuous Distributions}{section.5}% 37
\BOOKMARK [3][-]{subsubsection.5.6.1}{The Gamma Distribution}{subsection.5.6}% 38
\BOOKMARK [3][-]{subsubsection.5.6.2}{The Weibull Distribution}{subsection.5.6}% 39
\BOOKMARK [3][-]{subsubsection.5.6.3}{The Cauchy Distribution}{subsection.5.6}% 40
\BOOKMARK [3][-]{subsubsection.5.6.4}{The Beta Distribution}{subsection.5.6}% 41
