\BOOKMARK [1][-]{section.1}{Algebraic Themes}{}% 1
\BOOKMARK [2][-]{subsection.1.1}{Symmetry}{section.1}% 2
\BOOKMARK [2][-]{subsection.1.2}{Multiplication Table}{section.1}% 3
\BOOKMARK [2][-]{subsection.1.3}{Symmetries and Matrices}{section.1}% 4
\BOOKMARK [2][-]{subsection.1.4}{Permutations}{section.1}% 5
\BOOKMARK [2][-]{subsection.1.5}{Divisibility in the Integers}{section.1}% 6
\BOOKMARK [2][-]{subsection.1.6}{Modular Arithmetic}{section.1}% 7
\BOOKMARK [2][-]{subsection.1.7}{Polynomials}{section.1}% 8
\BOOKMARK [2][-]{subsection.1.8}{Counting}{section.1}% 9
\BOOKMARK [2][-]{subsection.1.9}{Groups}{section.1}% 10
\BOOKMARK [2][-]{subsection.1.10}{Rings and Fields}{section.1}% 11
\BOOKMARK [2][-]{subsection.1.11}{An application to cryptology}{section.1}% 12
\BOOKMARK [1][-]{section.2}{Basic Theory of Groups}{}% 13
\BOOKMARK [2][-]{subsection.2.1}{First Results}{section.2}% 14
\BOOKMARK [2][-]{subsection.2.2}{Subgroup and Cyclic Groups}{section.2}% 15
\BOOKMARK [2][-]{subsection.2.3}{The Dihedral Groups}{section.2}% 16
\BOOKMARK [2][-]{subsection.2.4}{Homomorphisms and Isomorphisms}{section.2}% 17
\BOOKMARK [3][-]{subsubsection.2.4.1}{The Kernel of a Homomorphism}{subsection.2.4}% 18
\BOOKMARK [3][-]{subsubsection.2.4.2}{Parity of Permutations}{subsection.2.4}% 19
\BOOKMARK [2][-]{subsection.2.5}{Cosets and Lagrange’s Theorem}{section.2}% 20
\BOOKMARK [3][-]{subsubsection.2.5.1}{Properties of Cosets}{subsection.2.5}% 21
\BOOKMARK [2][-]{subsection.2.6}{Equivalence Relations and Set Partitions}{section.2}% 22
\BOOKMARK [3][-]{subsubsection.2.6.1}{Equivalence Relations and Surjective Maps}{subsection.2.6}% 23
\BOOKMARK [3][-]{subsubsection.2.6.2}{Conjugacy}{subsection.2.6}% 24
\BOOKMARK [2][-]{subsection.2.7}{Quotient Groups and Homomorphism Theorems}{section.2}% 25
\BOOKMARK [3][-]{subsubsection.2.7.1}{Homomorphism Theorems}{subsection.2.7}% 26
\BOOKMARK [1][-]{section.3}{Products of Groups}{}% 27
\BOOKMARK [2][-]{subsection.3.1}{Direct Products}{section.3}% 28
\BOOKMARK [2][-]{subsection.3.2}{Semidirect Products}{section.3}% 29
\BOOKMARK [2][-]{subsection.3.3}{Vector Spaces}{section.3}% 30
\BOOKMARK [3][-]{subsubsection.3.3.1}{Quotients and homomorphism theorems}{subsection.3.3}% 31
\BOOKMARK [2][-]{subsection.3.4}{Finitely Generated Abelian Groups}{section.3}% 32
\BOOKMARK [1][-]{section.4}{Group Actions}{}% 33
\BOOKMARK [2][-]{subsection.4.1}{Group Actions and counting}{section.4}% 34
\BOOKMARK [2][-]{subsection.4.2}{Group Automorphisms}{section.4}% 35
\BOOKMARK [2][-]{subsection.4.3}{Sylow Theorem}{section.4}% 36
\BOOKMARK [1][-]{section.5}{Ring}{}% 37
\BOOKMARK [2][-]{subsection.5.1}{Basics}{section.5}% 38
\BOOKMARK [2][-]{subsection.5.2}{Homomorphism and Ideal}{section.5}% 39
\BOOKMARK [3][-]{subsubsection.5.2.1}{Ideals generated by sets}{subsection.5.2}% 40
\BOOKMARK [2][-]{subsection.5.3}{Quotient Ring}{section.5}% 41
\BOOKMARK [3][-]{subsubsection.5.3.1}{Four Isomorphism Theorem for Ring}{subsection.5.3}% 42
