This is pdfTeX, Version 3.14159265-2.6-1.40.16 (TeX Live 2015) (preloaded format=pdflatex 2015.5.24)  12 DEC 2016 07:35
entering extended mode
 restricted \write18 enabled.
 file:line:error style messages enabled.
 %&-line parsing enabled.
**"Abstract Algebra.tex"
(./Abstract Algebra.tex
LaTeX2e <2015/01/01>
Babel <3.9l> and hyphenation patterns for 79 languages loaded.
(/usr/local/texlive/2015/texmf-dist/tex/latex/base/article.cls
Document Class: article 2014/09/29 v1.4h Standard LaTeX document class
(/usr/local/texlive/2015/texmf-dist/tex/latex/base/size12.clo
File: size12.clo 2014/09/29 v1.4h Standard LaTeX file (size option)
)
\c@part=\count79
\c@section=\count80
\c@subsection=\count81
\c@subsubsection=\count82
\c@paragraph=\count83
\c@subparagraph=\count84
\c@figure=\count85
\c@table=\count86
\abovecaptionskip=\skip41
\belowcaptionskip=\skip42
\bibindent=\dimen102
) (/usr/local/texlive/2015/texmf-dist/tex/latex/amsmath/amsmath.sty
Package: amsmath 2013/01/14 v2.14 AMS math features
\@mathmargin=\skip43

For additional information on amsmath, use the `?' option.
(/usr/local/texlive/2015/texmf-dist/tex/latex/amsmath/amstext.sty
Package: amstext 2000/06/29 v2.01
 (/usr/local/texlive/2015/texmf-dist/tex/latex/amsmath/amsgen.sty
File: amsgen.sty 1999/11/30 v2.0
\@emptytoks=\toks14
\ex@=\dimen103
)) (/usr/local/texlive/2015/texmf-dist/tex/latex/amsmath/amsbsy.sty
Package: amsbsy 1999/11/29 v1.2d
\pmbraise@=\dimen104
) (/usr/local/texlive/2015/texmf-dist/tex/latex/amsmath/amsopn.sty
Package: amsopn 1999/12/14 v2.01 operator names
)
\inf@bad=\count87
LaTeX Info: Redefining \frac on input line 210.
\uproot@=\count88
\leftroot@=\count89
LaTeX Info: Redefining \overline on input line 306.
\classnum@=\count90
\DOTSCASE@=\count91
LaTeX Info: Redefining \ldots on input line 378.
LaTeX Info: Redefining \dots on input line 381.
LaTeX Info: Redefining \cdots on input line 466.
\Mathstrutbox@=\box26
\strutbox@=\box27
\big@size=\dimen105
LaTeX Font Info:    Redeclaring font encoding OML on input line 566.
LaTeX Font Info:    Redeclaring font encoding OMS on input line 567.
\macc@depth=\count92
\c@MaxMatrixCols=\count93
\dotsspace@=\muskip10
\c@parentequation=\count94
\dspbrk@lvl=\count95
\tag@help=\toks15
\row@=\count96
\column@=\count97
\maxfields@=\count98
\andhelp@=\toks16
\eqnshift@=\dimen106
\alignsep@=\dimen107
\tagshift@=\dimen108
\tagwidth@=\dimen109
\totwidth@=\dimen110
\lineht@=\dimen111
\@envbody=\toks17
\multlinegap=\skip44
\multlinetaggap=\skip45
\mathdisplay@stack=\toks18
LaTeX Info: Redefining \[ on input line 2665.
LaTeX Info: Redefining \] on input line 2666.
) (/usr/local/texlive/2015/texmf-dist/tex/latex/amsfonts/amssymb.sty
Package: amssymb 2013/01/14 v3.01 AMS font symbols
 (/usr/local/texlive/2015/texmf-dist/tex/latex/amsfonts/amsfonts.sty
Package: amsfonts 2013/01/14 v3.01 Basic AMSFonts support
\symAMSa=\mathgroup4
\symAMSb=\mathgroup5
LaTeX Font Info:    Overwriting math alphabet `\mathfrak' in version `bold'
(Font)                  U/euf/m/n --> U/euf/b/n on input line 106.
)) (/usr/local/texlive/2015/texmf-dist/tex/latex/tocloft/tocloft.sty
Package: tocloft 2013/05/02 v2.3f parameterised ToC, etc., typesetting
Package tocloft Info: The document has section divisions on input line 44.
\cftparskip=\skip46
\cftbeforetoctitleskip=\skip47
\cftaftertoctitleskip=\skip48
\cftbeforepartskip=\skip49
\cftpartnumwidth=\skip50
\cftpartindent=\skip51
\cftbeforesecskip=\skip52
\cftsecindent=\skip53
\cftsecnumwidth=\skip54
\cftbeforesubsecskip=\skip55
\cftsubsecindent=\skip56
\cftsubsecnumwidth=\skip57
\cftbeforesubsubsecskip=\skip58
\cftsubsubsecindent=\skip59
\cftsubsubsecnumwidth=\skip60
\cftbeforeparaskip=\skip61
\cftparaindent=\skip62
\cftparanumwidth=\skip63
\cftbeforesubparaskip=\skip64
\cftsubparaindent=\skip65
\cftsubparanumwidth=\skip66
\cftbeforeloftitleskip=\skip67
\cftafterloftitleskip=\skip68
\cftbeforefigskip=\skip69
\cftfigindent=\skip70
\cftfignumwidth=\skip71
\c@lofdepth=\count99
\c@lotdepth=\count100
\cftbeforelottitleskip=\skip72
\cftafterlottitleskip=\skip73
\cftbeforetabskip=\skip74
\cfttabindent=\skip75
\cfttabnumwidth=\skip76
) (/usr/local/texlive/2015/texmf-dist/tex/latex/float/float.sty
Package: float 2001/11/08 v1.3d Float enhancements (AL)
\c@float@type=\count101
\float@exts=\toks19
\float@box=\box28
\@float@everytoks=\toks20
\@floatcapt=\box29
) (/usr/local/texlive/2015/texmf-dist/tex/latex/graphics/graphicx.sty
Package: graphicx 2014/10/28 v1.0g Enhanced LaTeX Graphics (DPC,SPQR)
 (/usr/local/texlive/2015/texmf-dist/tex/latex/graphics/keyval.sty
Package: keyval 2014/10/28 v1.15 key=value parser (DPC)
\KV@toks@=\toks21
) (/usr/local/texlive/2015/texmf-dist/tex/latex/graphics/graphics.sty
Package: graphics 2014/10/28 v1.0p Standard LaTeX Graphics (DPC,SPQR)
 (/usr/local/texlive/2015/texmf-dist/tex/latex/graphics/trig.sty
Package: trig 1999/03/16 v1.09 sin cos tan (DPC)
) (/usr/local/texlive/2015/texmf-dist/tex/latex/latexconfig/graphics.cfg
File: graphics.cfg 2010/04/23 v1.9 graphics configuration of TeX Live
)
Package graphics Info: Driver file: pdftex.def on input line 94.
 (/usr/local/texlive/2015/texmf-dist/tex/latex/pdftex-def/pdftex.def
File: pdftex.def 2011/05/27 v0.06d Graphics/color for pdfTeX
 (/usr/local/texlive/2015/texmf-dist/tex/generic/oberdiek/infwarerr.sty
Package: infwarerr 2010/04/08 v1.3 Providing info/warning/error messages (HO)
) (/usr/local/texlive/2015/texmf-dist/tex/generic/oberdiek/ltxcmds.sty
Package: ltxcmds 2011/11/09 v1.22 LaTeX kernel commands for general use (HO)
)
\Gread@gobject=\count102
))
\Gin@req@height=\dimen112
\Gin@req@width=\dimen113
) (/usr/local/texlive/2015/texmf-dist/tex/latex/hyperref/hyperref.sty
Package: hyperref 2012/11/06 v6.83m Hypertext links for LaTeX
 (/usr/local/texlive/2015/texmf-dist/tex/generic/oberdiek/hobsub-hyperref.sty
Package: hobsub-hyperref 2012/05/28 v1.13 Bundle oberdiek, subset hyperref (HO)
 (/usr/local/texlive/2015/texmf-dist/tex/generic/oberdiek/hobsub-generic.sty
Package: hobsub-generic 2012/05/28 v1.13 Bundle oberdiek, subset generic (HO)
Package: hobsub 2012/05/28 v1.13 Construct package bundles (HO)
Package hobsub Info: Skipping package `infwarerr' (already loaded).
Package hobsub Info: Skipping package `ltxcmds' (already loaded).
Package: ifluatex 2010/03/01 v1.3 Provides the ifluatex switch (HO)
Package ifluatex Info: LuaTeX not detected.
Package: ifvtex 2010/03/01 v1.5 Detect VTeX and its facilities (HO)
Package ifvtex Info: VTeX not detected.
Package: intcalc 2007/09/27 v1.1 Expandable calculations with integers (HO)
Package: ifpdf 2011/01/30 v2.3 Provides the ifpdf switch (HO)
Package ifpdf Info: pdfTeX in PDF mode is detected.
Package: etexcmds 2011/02/16 v1.5 Avoid name clashes with e-TeX commands (HO)
Package etexcmds Info: Could not find \expanded.
(etexcmds)             That can mean that you are not using pdfTeX 1.50 or
(etexcmds)             that some package has redefined \expanded.
(etexcmds)             In the latter case, load this package earlier.
Package: kvsetkeys 2012/04/25 v1.16 Key value parser (HO)
Package: kvdefinekeys 2011/04/07 v1.3 Define keys (HO)
Package: pdftexcmds 2011/11/29 v0.20 Utility functions of pdfTeX for LuaTeX (HO)
Package pdftexcmds Info: LuaTeX not detected.
Package pdftexcmds Info: \pdf@primitive is available.
Package pdftexcmds Info: \pdf@ifprimitive is available.
Package pdftexcmds Info: \pdfdraftmode found.
Package: pdfescape 2011/11/25 v1.13 Implements pdfTeX's escape features (HO)
Package: bigintcalc 2012/04/08 v1.3 Expandable calculations on big integers (HO)
Package: bitset 2011/01/30 v1.1 Handle bit-vector datatype (HO)
Package: uniquecounter 2011/01/30 v1.2 Provide unlimited unique counter (HO)
)
Package hobsub Info: Skipping package `hobsub' (already loaded).
Package: letltxmacro 2010/09/02 v1.4 Let assignment for LaTeX macros (HO)
Package: hopatch 2012/05/28 v1.2 Wrapper for package hooks (HO)
Package: xcolor-patch 2011/01/30 xcolor patch
Package: atveryend 2011/06/30 v1.8 Hooks at the very end of document (HO)
Package atveryend Info: \enddocument detected (standard20110627).
Package: atbegshi 2011/10/05 v1.16 At begin shipout hook (HO)
Package: refcount 2011/10/16 v3.4 Data extraction from label references (HO)
Package: hycolor 2011/01/30 v1.7 Color options for hyperref/bookmark (HO)
) (/usr/local/texlive/2015/texmf-dist/tex/generic/ifxetex/ifxetex.sty
Package: ifxetex 2010/09/12 v0.6 Provides ifxetex conditional
) (/usr/local/texlive/2015/texmf-dist/tex/latex/oberdiek/auxhook.sty
Package: auxhook 2011/03/04 v1.3 Hooks for auxiliary files (HO)
) (/usr/local/texlive/2015/texmf-dist/tex/latex/oberdiek/kvoptions.sty
Package: kvoptions 2011/06/30 v3.11 Key value format for package options (HO)
)
\@linkdim=\dimen114
\Hy@linkcounter=\count103
\Hy@pagecounter=\count104
 (/usr/local/texlive/2015/texmf-dist/tex/latex/hyperref/pd1enc.def
File: pd1enc.def 2012/11/06 v6.83m Hyperref: PDFDocEncoding definition (HO)
)
\Hy@SavedSpaceFactor=\count105
 (/usr/local/texlive/2015/texmf-dist/tex/latex/latexconfig/hyperref.cfg
File: hyperref.cfg 2002/06/06 v1.2 hyperref configuration of TeXLive
)
Package hyperref Info: Option `bookmarks' set `true' on input line 4319.
Package hyperref Info: Hyper figures OFF on input line 4443.
Package hyperref Info: Link nesting OFF on input line 4448.
Package hyperref Info: Hyper index ON on input line 4451.
Package hyperref Info: Plain pages OFF on input line 4458.
Package hyperref Info: Backreferencing OFF on input line 4463.
Package hyperref Info: Implicit mode ON; LaTeX internals redefined.
Package hyperref Info: Bookmarks ON on input line 4688.
\c@Hy@tempcnt=\count106
 (/usr/local/texlive/2015/texmf-dist/tex/latex/url/url.sty
\Urlmuskip=\muskip11
Package: url 2013/09/16  ver 3.4  Verb mode for urls, etc.
)
LaTeX Info: Redefining \url on input line 5041.
\XeTeXLinkMargin=\dimen115
\Fld@menulength=\count107
\Field@Width=\dimen116
\Fld@charsize=\dimen117
Package hyperref Info: Hyper figures OFF on input line 6295.
Package hyperref Info: Link nesting OFF on input line 6300.
Package hyperref Info: Hyper index ON on input line 6303.
Package hyperref Info: backreferencing OFF on input line 6310.
Package hyperref Info: Link coloring OFF on input line 6315.
Package hyperref Info: Link coloring with OCG OFF on input line 6320.
Package hyperref Info: PDF/A mode OFF on input line 6325.
LaTeX Info: Redefining \ref on input line 6365.
LaTeX Info: Redefining \pageref on input line 6369.
\Hy@abspage=\count108
\c@Item=\count109
\c@Hfootnote=\count110
)

Package hyperref Message: Driver (autodetected): hpdftex.

(/usr/local/texlive/2015/texmf-dist/tex/latex/hyperref/hpdftex.def
File: hpdftex.def 2012/11/06 v6.83m Hyperref driver for pdfTeX
\Fld@listcount=\count111
\c@bookmark@seq@number=\count112
 (/usr/local/texlive/2015/texmf-dist/tex/latex/oberdiek/rerunfilecheck.sty
Package: rerunfilecheck 2011/04/15 v1.7 Rerun checks for auxiliary files (HO)
Package uniquecounter Info: New unique counter `rerunfilecheck' on input line 282.
)
\Hy@SectionHShift=\skip77
) (/usr/local/texlive/2015/texmf-dist/tex/latex/fancyhdr/fancyhdr.sty
\fancy@headwidth=\skip78
\f@ncyO@elh=\skip79
\f@ncyO@erh=\skip80
\f@ncyO@olh=\skip81
\f@ncyO@orh=\skip82
\f@ncyO@elf=\skip83
\f@ncyO@erf=\skip84
\f@ncyO@olf=\skip85
\f@ncyO@orf=\skip86
)
\c@definition=\count113
\c@theorem=\count114
\c@proposition=\count115
\c@lemma=\count116
\c@corollary=\count117
 (/Users/hermitebai/Documents/UIUC/2016FA/Math 417/Notes/.texpadtmp/Abstract Algebra.aux)
\openout1 = `"Abstract Algebra.aux"'.

LaTeX Font Info:    Checking defaults for OML/cmm/m/it on input line 32.
LaTeX Font Info:    ... okay on input line 32.
LaTeX Font Info:    Checking defaults for T1/cmr/m/n on input line 32.
LaTeX Font Info:    ... okay on input line 32.
LaTeX Font Info:    Checking defaults for OT1/cmr/m/n on input line 32.
LaTeX Font Info:    ... okay on input line 32.
LaTeX Font Info:    Checking defaults for OMS/cmsy/m/n on input line 32.
LaTeX Font Info:    ... okay on input line 32.
LaTeX Font Info:    Checking defaults for OMX/cmex/m/n on input line 32.
LaTeX Font Info:    ... okay on input line 32.
LaTeX Font Info:    Checking defaults for U/cmr/m/n on input line 32.
LaTeX Font Info:    ... okay on input line 32.
LaTeX Font Info:    Checking defaults for PD1/pdf/m/n on input line 32.
LaTeX Font Info:    ... okay on input line 32.
 (/usr/local/texlive/2015/texmf-dist/tex/context/base/supp-pdf.mkii
[Loading MPS to PDF converter (version 2006.09.02).]
\scratchcounter=\count118
\scratchdimen=\dimen118
\scratchbox=\box30
\nofMPsegments=\count119
\nofMParguments=\count120
\everyMPshowfont=\toks22
\MPscratchCnt=\count121
\MPscratchDim=\dimen119
\MPnumerator=\count122
\makeMPintoPDFobject=\count123
\everyMPtoPDFconversion=\toks23
) (/usr/local/texlive/2015/texmf-dist/tex/latex/oberdiek/epstopdf-base.sty
Package: epstopdf-base 2010/02/09 v2.5 Base part for package epstopdf
 (/usr/local/texlive/2015/texmf-dist/tex/latex/oberdiek/grfext.sty
Package: grfext 2010/08/19 v1.1 Manage graphics extensions (HO)
)
Package grfext Info: Graphics extension search list:
(grfext)             [.png,.pdf,.jpg,.mps,.jpeg,.jbig2,.jb2,.PNG,.PDF,.JPG,.JPEG,.JBIG2,.JB2,.eps]
(grfext)             \AppendGraphicsExtensions on input line 452.
 (/usr/local/texlive/2015/texmf-dist/tex/latex/latexconfig/epstopdf-sys.cfg
File: epstopdf-sys.cfg 2010/07/13 v1.3 Configuration of (r)epstopdf for TeX Live
))
\AtBeginShipoutBox=\box31
Package hyperref Info: Link coloring OFF on input line 32.
 (/usr/local/texlive/2015/texmf-dist/tex/latex/hyperref/nameref.sty
Package: nameref 2012/10/27 v2.43 Cross-referencing by name of section
 (/usr/local/texlive/2015/texmf-dist/tex/generic/oberdiek/gettitlestring.sty
Package: gettitlestring 2010/12/03 v1.4 Cleanup title references (HO)
)
\c@section@level=\count124
)
LaTeX Info: Redefining \ref on input line 32.
LaTeX Info: Redefining \pageref on input line 32.
LaTeX Info: Redefining \nameref on input line 32.
 (/Users/hermitebai/Documents/UIUC/2016FA/Math 417/Notes/.texpadtmp/Abstract Algebra.out) (/Users/hermitebai/Documents/UIUC/2016FA/Math 417/Notes/.texpadtmp/Abstract Algebra.out)
\@outlinefile=\write3
\openout3 = `"Abstract Algebra.out"'.

LaTeX Font Info:    Try loading font information for U+msa on input line 34.
 (/usr/local/texlive/2015/texmf-dist/tex/latex/amsfonts/umsa.fd
File: umsa.fd 2013/01/14 v3.01 AMS symbols A
)
LaTeX Font Info:    Try loading font information for U+msb on input line 34.
 (/usr/local/texlive/2015/texmf-dist/tex/latex/amsfonts/umsb.fd
File: umsb.fd 2013/01/14 v3.01 AMS symbols B
) [1

{/usr/local/texlive/2015/texmf-var/fonts/map/pdftex/updmap/pdftex.map}] (/Users/hermitebai/Documents/UIUC/2016FA/Math 417/Notes/.texpadtmp/Abstract Algebra.toc
Missing character: There is no â in font cmr12!
Missing character: There is no € in font cmr12!
Missing character: There is no ™ in font cmr12!
 [2])
\tf@toc=\write4
\openout4 = `"Abstract Algebra.toc"'.



Package Fancyhdr Warning: \headheight is too small (12.0pt): 
 Make it at least 14.49998pt.
 We now make it that large for the rest of the document.
 This may cause the page layout to be inconsistent, however.

[3]
Underfull \hbox (badness 10000) in paragraph at lines 47--48

 []


Underfull \hbox (badness 10000) in paragraph at lines 47--48

 []

[4]
Overfull \hbox (16.91707pt too wide) in paragraph at lines 101--102
[]\OT1/cmr/m/it/12 Let $\OML/cmm/m/it/12 R$ \OT1/cmr/m/it/12 de-note a poly-gon or a poly-he-dron in three-dimensional
 []


Overfull \hbox (8.29219pt too wide) in paragraph at lines 106--107
[]\OT1/cmr/m/it/12 The sym-me-tries of a con-fig-u-ra-tion of iden-
 []


Overfull \hbox (12.44008pt too wide) in paragraph at lines 117--118
[]\OT1/cmr/m/it/12 A per-mu-ta-tion that per-mutes sev-eral num-bers cycli-
 []

[5]
Underfull \hbox (badness 10000) in paragraph at lines 138--139

 []


Underfull \hbox (badness 10000) in paragraph at lines 156--158

 []


Underfull \hbox (badness 10000) in paragraph at lines 156--158

 []

[6]
Underfull \hbox (badness 10000) in paragraph at lines 179--180

 []


Underfull \hbox (badness 10000) in paragraph at lines 202--203

 []

[7]
Overfull \hbox (0.65042pt too wide) in paragraph at lines 221--222
[]\OT1/cmr/m/it/12 Let $\OML/cmm/m/it/12 m$ \OT1/cmr/m/it/12 and $\OML/cmm/m/it/12 n$ \OT1/cmr/m/it/12 be nonzero in-te-gers, and write $\OML/cmm/m/it/12 d \OT1/cmr/m/n/12 = \OML/cmm/m/it/12 g:c:d:\OT1/cmr/m/n/12 (\OML/cmm/m/it/12 m; n\OT1/cmr/m/n/12 )$ 
 []


Overfull \hbox (20.90796pt too wide) in paragraph at lines 268--269
[]\OT1/cmr/m/it/12 The great-est com-mon di-vi-sor of nonzero in-te-gers $\OML/cmm/m/it/12 a[]; a[]; :::; a[]$
 []

[8]
Overfull \hbox (11.44046pt too wide) in paragraph at lines 271--272
[]\OT1/cmr/m/it/12 We say that nonzsro in-te-gers $\OML/cmm/m/it/12 a[]; :::; a[]$
 []


Overfull \hbox (39.28535pt too wide) in paragraph at lines 284--285
[]$\OMS/cmsy/m/n/12 8\OML/cmm/m/it/12 a; b; c \OMS/cmsy/m/n/12 2 \U/msb/m/n/12 Z$\OT1/cmr/m/it/12 , if $\OML/cmm/m/it/12 a \OMS/cmsy/m/n/12 ^^Q \OML/cmm/m/it/12 b[]  n$ \OT1/cmr/m/it/12 and $\OML/cmm/m/it/12 b \OMS/cmsy/m/n/12 ^^Q \OML/cmm/m/it/12 c[]  n$\OT1/cmr/m/it/12 , then $\OML/cmm/m/it/12 a \OMS/cmsy/m/n/12 ^^Q \OML/cmm/m/it/12 v[]  n$\OT1/cmr/m/it/12 .(Transitive) 
 []

LaTeX Font Info:    Try loading font information for OMS+cmr on input line 291.
(/usr/local/texlive/2015/texmf-dist/tex/latex/base/omscmr.fd
File: omscmr.fd 2014/09/29 v2.5h Standard LaTeX font definitions
)
LaTeX Font Info:    Font shape `OMS/cmr/m/it' in size <12> not available
(Font)              Font shape `OMS/cmsy/m/n' tried instead on input line 291.
Missing character: There is no Å in font cmr10!
Missing character: There is no ’ in font cmr10!
 [9]
Underfull \hbox (badness 10000) in paragraph at lines 306--307

 []

[10]
Underfull \hbox (badness 10000) in paragraph at lines 363--364

 []

[11]
Overfull \hbox (0.39644pt too wide) in paragraph at lines 412--413
[]\OT1/cmr/m/it/12 A poly-no-
 []

[12]
Underfull \hbox (badness 10000) in paragraph at lines 443--444

 []

[13] [14]
Underfull \hbox (badness 10000) in paragraph at lines 534--535

 []


Overfull \hbox (24.43808pt too wide) detected at line 563
[][][] \OT1/cmr/m/n/12 = 1 \OMS/cmsy/m/n/12 ^^@ [] [][] \OT1/cmr/m/n/12 + [] [][] \OMS/cmsy/m/n/12 ^^@ [] [][] \OT1/cmr/m/n/12 + \OML/cmm/m/it/12 ::: \OT1/cmr/m/n/12 + (\OMS/cmsy/m/n/12 ^^@\OT1/cmr/m/n/12 1)[][][]
 []

[15]
Overfull \hbox (9.42435pt too wide) detected at line 567
[][][] \OT1/cmr/m/n/12 = [] [][] \OMS/cmsy/m/n/12 ^^@ [] [][] \OT1/cmr/m/n/12 + [] [][] \OMS/cmsy/m/n/12 ^^@ \OML/cmm/m/it/12 ::: \OT1/cmr/m/n/12 + (\OMS/cmsy/m/n/12 ^^@\OT1/cmr/m/n/12 1)[][][]
 []


Overfull \hbox (97.77051pt too wide) detected at line 579
 []$[]  \OMS/cmsy/m/n/12 j\OML/cmm/m/it/12 A[] \OMS/cmsy/m/n/12 \ \OML/cmm/m/it/12 A[] \OMS/cmsy/m/n/12 \ \OML/cmm/m/it/12 ::: \OMS/cmsy/m/n/12 \ \OML/cmm/m/it/12 A[]\OMS/cmsy/m/n/12 j \OT1/cmr/m/n/12 = \OMS/cmsy/m/n/12 j\OML/cmm/m/it/12 U\OMS/cmsy/m/n/12 j ^^@ [] j\OML/cmm/m/it/12 A[]\OMS/cmsy/m/n/12 j \OT1/cmr/m/n/12 + [] \OMS/cmsy/m/n/12 j\OML/cmm/m/it/12 A[] \OMS/cmsy/m/n/12 \ \OML/cmm/m/it/12 A[]\OMS/cmsy/m/n/12 j ^^@ [] j\OML/cmm/m/it/12 A[] \OMS/cmsy/m/n/12 \ \OML/cmm/m/it/12 A[] \OMS/cmsy/m/n/12 \ \OML/cmm/m/it/12 A[]\OMS/cmsy/m/n/12 j \OT1/cmr/m/n/12 + \OML/cmm/m/it/12 ::: \OT1/cmr/m/n/12 + (\OMS/cmsy/m/n/12 ^^@\OT1/cmr/m/n/12 1)[]\OMS/cmsy/m/n/12 j\OML/cmm/m/it/12 A[] \OMS/cmsy/m/n/12 \ \OML/cmm/m/it/12 :::A[]\OMS/cmsy/m/n/12 j$ []  
 []


Overfull \hbox (72.73149pt too wide) detected at line 583
 []$[]  \OMS/cmsy/m/n/12 j\OML/cmm/m/it/12 A[] \OMS/cmsy/m/n/12 [ \OML/cmm/m/it/12 A[] \OMS/cmsy/m/n/12 [ \OML/cmm/m/it/12 ::: \OMS/cmsy/m/n/12 [ \OML/cmm/m/it/12 A[]\OMS/cmsy/m/n/12 j \OT1/cmr/m/n/12 = [] \OMS/cmsy/m/n/12 j\OML/cmm/m/it/12 A[]\OMS/cmsy/m/n/12 j ^^@ [] j\OML/cmm/m/it/12 A[] \OMS/cmsy/m/n/12 \ \OML/cmm/m/it/12 A[]\OMS/cmsy/m/n/12 j \OT1/cmr/m/n/12 + [] \OMS/cmsy/m/n/12 j\OML/cmm/m/it/12 A[] \OMS/cmsy/m/n/12 \ \OML/cmm/m/it/12 A[] \OMS/cmsy/m/n/12 \ \OML/cmm/m/it/12 A[]\OMS/cmsy/m/n/12 j ^^@ \OML/cmm/m/it/12 ::: \OT1/cmr/m/n/12 + (\OMS/cmsy/m/n/12 ^^@\OT1/cmr/m/n/12 1)[]\OMS/cmsy/m/n/12 j\OML/cmm/m/it/12 A[] \OMS/cmsy/m/n/12 \ \OML/cmm/m/it/12 :::A[]\OMS/cmsy/m/n/12 j$ []  
 []

[16] [17] [18] [19] [20] [21] [22] [23]
Missing character: There is no â in font cmbx12!
Missing character: There is no € in font cmbx12!
Missing character: There is no ™ in font cmbx12!
 [24] [25] <./Img/similar.png, id=675, 329.23pt x 283.0575pt>
File: ./Img/similar.png Graphic file (type png)
 <use ./Img/similar.png>
Package pdftex.def Info: ./Img/similar.png used on input line 1015.
(pdftex.def)             Requested size: 142.26378pt x 122.3127pt.
 [26] [27 <./Img/similar.png>] [28] <./Img/diamond.png, id=717, 395.4775pt x 329.23pt>
File: ./Img/diamond.png Graphic file (type png)
 <use ./Img/diamond.png>
Package pdftex.def Info: ./Img/diamond.png used on input line 1087.
(pdftex.def)             Requested size: 199.16928pt x 165.80519pt.
 [29 <./Img/diamond.png>]
Overfull \hbox (0.53714pt too wide) in paragraph at lines 1124--1125
[]$\OML/cmm/m/it/12 A[] \OMS/cmsy/m/n/12 ^^B \OML/cmm/m/it/12 A[] \OMS/cmsy/m/n/12 ^^B [] ^^B \OML/cmm/m/it/12 A[]$\OT1/cmr/m/it/12 , with the coordinate-
 []


Overfull \hbox (13.80008pt too wide) in paragraph at lines 1134--1135
\OT1/cmr/m/it/12 that $\OML/cmm/m/it/12 N[]N[] [] N[] \OT1/cmr/m/n/12 = \OML/cmm/m/it/12 G$\OT1/cmr/m/it/12 . Then G is the \OT1/cmr/bx/it/12 in-ter-nal di-rect prod-uct \OT1/cmr/m/it/12 of $\OML/cmm/m/it/12 N[]; N[]; :::; N[]$
 []


Overfull \hbox (22.61765pt too wide) in paragraph at lines 1138--1139
[]\OT1/cmr/m/it/12 The \OT1/cmr/bx/it/12 di-rect sum \OT1/cmr/m/it/12 of sev-eral rings $\OML/cmm/m/it/12 R[]; R[]; :::; R[]$
 []

[30]
Overfull \hbox (11.30417pt too wide) in paragraph at lines 1154--1155
\OML/cmm/m/it/12 a[]; a[]; :::; a[]$ \OT1/cmr/m/it/12 be pair-wise rel-a-tively prime nat-u-ral num-bers. Write $\OML/cmm/m/it/12 a \OT1/cmr/m/n/12 = \OML/cmm/m/it/12 a[]a[] [] a[]$\OT1/cmr/m/it/12 .
 []

[31]
Overfull \hbox (9.27333pt too wide) in paragraph at lines 1193--1194
[]\OT1/cmr/m/it/12 A sub-space of a vec-tor space V is a (nonempty)
 []


Overfull \hbox (0.50331pt too wide) in paragraph at lines 1204--1205
[]\OT1/cmr/m/it/12 If W is
 []

[32]
Overfull \hbox (16.46321pt too wide) in paragraph at lines 1208--1209
[]\OT1/cmr/m/it/12 Let $\OML/cmm/m/it/12 T \OT1/cmr/m/n/12 :
 []


Overfull \hbox (1.2461pt too wide) in paragraph at lines 1218--1219
[]\OT1/cmr/m/it/12 Let V
 []


Overfull \hbox (20.27919pt too wide) in paragraph at lines 1221--1222
[]
 []

[33]
Overfull \hbox (79.1443pt too wide) in paragraph at lines 1252--1253
[]
 []

[34] [35] [36] [37] [38]
Overfull \hbox (6.34195pt too wide) in paragraph at lines 1508--1509
[]\OT1/cmr/m/it/12 Let $\OML/cmm/m/it/12 R$ \OT1/cmr/m/it/12 be com-mu-ta-tive with mul-ti-plica-tive iden-tity $\OT1/cmr/m/n/12 1$\OT1/cmr/m/it/12 . Then
 []

Package atveryend Info: Empty hook `BeforeClearDocument' on input line 1511.
[39]
Package atveryend Info: Empty hook `AfterLastShipout' on input line 1511.
 (/Users/hermitebai/Documents/UIUC/2016FA/Math 417/Notes/.texpadtmp/Abstract Algebra.aux)
Package atveryend Info: Executing hook `AtVeryEndDocument' on input line 1511.
Package atveryend Info: Executing hook `AtEndAfterFileList' on input line 1511.
Package rerunfilecheck Info: File `"Abstract Algebra".out' has not changed.
(rerunfilecheck)             Checksum: <no file>.
Package atveryend Info: Empty hook `AtVeryVeryEnd' on input line 1511.
 ) 
Here is how much of TeX's memory you used:
 7034 strings out of 493089
 100739 string characters out of 6134842
 186541 words of memory out of 5000000
 9897 multiletter control sequences out of 15000+600000
 16721 words of font info for 62 fonts, out of 8000000 for 9000
 1141 hyphenation exceptions out of 8191
 29i,13n,43p,673b,476s stack positions out of 5000i,500n,10000p,200000b,80000s
</usr/local/texlive/2015/texmf-dist/fonts/type1/public/amsfonts/cm/cmbx10.pfb></usr/local/texlive/2015/texmf-dist/fonts/type1/public/amsfonts/cm/cmbx12.pfb></usr/local/texlive/2015/texmf-dist/fonts/type1/public/amsfonts/cm/cmbxti10.pfb></usr/local/texlive/2015/texmf-dist/fonts/type1/public/amsfonts/cm/cmex10.pfb></usr/local/texlive/2015/texmf-dist/fonts/type1/public/amsfonts/cm/cmmi10.pfb></usr/local/texlive/2015/texmf-dist/fonts/type1/public/amsfonts/cm/cmmi12.pfb></usr/local/texlive/2015/texmf-dist/fonts/type1/public/amsfonts/cm/cmmi6.pfb></usr/local/texlive/2015/texmf-dist/fonts/type1/public/amsfonts/cm/cmmi7.pfb></usr/local/texlive/2015/texmf-dist/fonts/type1/public/amsfonts/cm/cmmi8.pfb></usr/local/texlive/2015/texmf-dist/fonts/type1/public/amsfonts/cm/cmr10.pfb></usr/local/texlive/2015/texmf-dist/fonts/type1/public/amsfonts/cm/cmr12.pfb></usr/local/texlive/2015/texmf-dist/fonts/type1/public/amsfonts/cm/cmr17.pfb></usr/local/texlive/2015/texmf-dist/fonts/type1/public/amsfonts/cm/cmr6.pfb></usr/local/texlive/2015/texmf-dist/fonts/type1/public/amsfonts/cm/cmr7.pfb></usr/local/texlive/2015/texmf-dist/fonts/type1/public/amsfonts/cm/cmr8.pfb></usr/local/texlive/2015/texmf-dist/fonts/type1/public/amsfonts/cm/cmsy10.pfb></usr/local/texlive/2015/texmf-dist/fonts/type1/public/amsfonts/cm/cmsy6.pfb></usr/local/texlive/2015/texmf-dist/fonts/type1/public/amsfonts/cm/cmsy7.pfb></usr/local/texlive/2015/texmf-dist/fonts/type1/public/amsfonts/cm/cmsy8.pfb></usr/local/texlive/2015/texmf-dist/fonts/type1/public/amsfonts/cm/cmti12.pfb></usr/local/texlive/2015/texmf-dist/fonts/type1/public/amsfonts/symbols/msam10.pfb></usr/local/texlive/2015/texmf-dist/fonts/type1/public/amsfonts/symbols/msbm10.pfb>
Output written on "/Users/hermitebai/Documents/UIUC/2016FA/Math 417/Notes/.texpadtmp/Abstract Algebra.pdf" (39 pages, 379290 bytes).
PDF statistics:
 1071 PDF objects out of 1200 (max. 8388607)
 994 compressed objects within 10 object streams
 542 named destinations out of 1000 (max. 500000)
 347 words of extra memory for PDF output out of 10000 (max. 10000000)

