\BOOKMARK [1][-]{section.1}{Intro\040to\040Macroeconomics}{}% 1
\BOOKMARK [2][-]{subsection.1.1}{Topics\040Macroeconomics\040concern}{section.1}% 2
\BOOKMARK [2][-]{subsection.1.2}{Government\040role\040in\040economy}{section.1}% 3
\BOOKMARK [2][-]{subsection.1.3}{Category\040of\040Markets}{section.1}% 4
\BOOKMARK [1][-]{section.2}{Measuring,\040National\040Output\040and\040income}{}% 5
\BOOKMARK [2][-]{subsection.2.1}{GDP}{section.2}% 6
\BOOKMARK [2][-]{subsection.2.2}{GNP}{section.2}% 7
\BOOKMARK [2][-]{subsection.2.3}{Nominal\040and\040Real\040GDP}{section.2}% 8
\BOOKMARK [1][-]{section.3}{Unemployment,\040Inflation,\040and\040Long-Run\040Growth}{}% 9
\BOOKMARK [2][-]{subsection.3.1}{Ideal\040Economy}{section.3}% 10
\BOOKMARK [2][-]{subsection.3.2}{Feature\040of\040Labor\040Force\040and\040Categorize\040the\040Population}{section.3}% 11
\BOOKMARK [3][-]{subsubsection.3.2.1}{Labor\040Force}{subsection.3.2}% 12
\BOOKMARK [3][-]{subsubsection.3.2.2}{Formulas}{subsection.3.2}% 13
\BOOKMARK [2][-]{subsection.3.3}{Natural\040Unemployment}{section.3}% 14
\BOOKMARK [1][-]{section.4}{Aggregate\040Expenditure\040&\040Equilibrium\040Output\040without\040Govornment}{}% 15
\BOOKMARK [2][-]{subsection.4.1}{Aggregate\040Income\040and\040GDP}{section.4}% 16
\BOOKMARK [2][-]{subsection.4.2}{Equilibrium}{section.4}% 17
\BOOKMARK [2][-]{subsection.4.3}{Mutiplier}{section.4}% 18
\BOOKMARK [1][-]{section.5}{Aggregate\040Expenditure\040&\040Equilibrium\040Output\040with\040Government}{}% 19
\BOOKMARK [2][-]{subsection.5.1}{Formulas}{section.5}% 20
\BOOKMARK [2][-]{subsection.5.2}{Multipliers}{section.5}% 21
\BOOKMARK [1][-]{section.6}{Money\040Supply\040and\040Federal\040Reserve\040System}{}% 22
\BOOKMARK [2][-]{subsection.6.1}{Functions\040of\040Money}{section.6}% 23
\BOOKMARK [2][-]{subsection.6.2}{Conceptions}{section.6}% 24
\BOOKMARK [2][-]{subsection.6.3}{Modern\040Bank\040System}{section.6}% 25
\BOOKMARK [2][-]{subsection.6.4}{Creation\040of\040money}{section.6}% 26
\BOOKMARK [1][-]{section.7}{Money\040demand,\040the\040equilibrium\040interest\040rate\040and\040monetary\040policy}{}% 27
\BOOKMARK [2][-]{subsection.7.1}{Factors\040that\040affect\040demand\040for\040money}{section.7}% 28
\BOOKMARK [2][-]{subsection.7.2}{Relation\040between\040Interest\040Rate\040and\040Money\040Supply}{section.7}% 29
\BOOKMARK [2][-]{subsection.7.3}{Monetary\040Policy}{section.7}% 30
\BOOKMARK [1][-]{section.8}{Aggregate\040Demand\040in\040the\040Goods\040and\040Money\040Markets}{}% 31
\BOOKMARK [2][-]{subsection.8.1}{How\040Goods\040Market\040and\040Money\040Market\040Related}{section.8}% 32
\BOOKMARK [2][-]{subsection.8.2}{Effects\040of\040policies}{section.8}% 33
\BOOKMARK [1][-]{section.9}{Aggregate\040Supply\040and\040the\040Equilibrium\040Price\040Level}{}% 34
\BOOKMARK [2][-]{subsection.9.1}{Aggregate\040Supply\040Curve}{section.9}% 35
\BOOKMARK [2][-]{subsection.9.2}{Cost\040Shock\040on\040Supply}{section.9}% 36
\BOOKMARK [2][-]{subsection.9.3}{Equilibrium}{section.9}% 37
\BOOKMARK [1][-]{section.10}{Labor\040Market}{}% 38
\BOOKMARK [2][-]{subsection.10.1}{Classic\040View\040of\040Labor\040Market}{section.10}% 39
\BOOKMARK [3][-]{subsubsection.10.1.1}{Formulas}{subsection.10.1}% 40
\BOOKMARK [3][-]{subsubsection.10.1.2}{Equilibrium}{subsection.10.1}% 41
\BOOKMARK [2][-]{subsection.10.2}{Beyond\040classical\040view}{section.10}% 42
\BOOKMARK [3][-]{subsubsection.10.2.1}{Theories}{subsection.10.2}% 43
\BOOKMARK [3][-]{subsubsection.10.2.2}{Philips\040Curve}{subsection.10.2}% 44
\BOOKMARK [1][-]{section.11}{Financial\040Crisis,\040Stabilization\040and\040Deficits}{}% 45
\BOOKMARK [2][-]{subsection.11.1}{Methods\040to\040obtain\040money}{section.11}% 46
\BOOKMARK [2][-]{subsection.11.2}{Stock\040Market}{section.11}% 47
\BOOKMARK [2][-]{subsection.11.3}{Reasons\040for\040govornment's\040failure}{section.11}% 48
\BOOKMARK [2][-]{subsection.11.4}{Deficit\040Response\040Index\040\(DRI\)}{section.11}% 49
\BOOKMARK [1][-]{section.12}{Long\040Run\040Growth}{}% 50
\BOOKMARK [1][-]{section.13}{Alternative\040Views\040in\040Macroeconomics}{}% 51
\BOOKMARK [2][-]{subsection.13.1}{Monetarism}{section.13}% 52
\BOOKMARK [2][-]{subsection.13.2}{New\040Classical\040Macroeconomics}{section.13}% 53
\BOOKMARK [3][-]{subsubsection.13.2.1}{Supply-Side\040Economics}{subsection.13.2}% 54
\BOOKMARK [2][-]{subsection.13.3}{New\040Keynesian\040Economics}{section.13}% 55
\BOOKMARK [1][-]{section.14}{International\040Trade,\040Compatative\040Advantage\040and\040Protectionism}{}% 56
\BOOKMARK [2][-]{subsection.14.1}{International\040Trade}{section.14}% 57
\BOOKMARK [2][-]{subsection.14.2}{Other\040Theory\040and\040Concepts}{section.14}% 58
\BOOKMARK [2][-]{subsection.14.3}{Protectionism}{section.14}% 59
\BOOKMARK [2][-]{subsection.14.4}{Free\040Trade}{section.14}% 60
\BOOKMARK [1][-]{section.15}{Open-economy\040macroeconomics}{}% 61
\BOOKMARK [2][-]{subsection.15.1}{Equilibrium\040in\040an\040Open\040Economy}{section.15}% 62
\BOOKMARK [2][-]{subsection.15.2}{Floating\040Exchange\040Rate}{section.15}% 63
