\BOOKMARK [1][-]{section.1}{Numbers, sets and functions}{}% 1
\BOOKMARK [2][-]{subsection.1.1}{Elementary Inequalities}{section.1}% 2
\BOOKMARK [2][-]{subsection.1.2}{Sets}{section.1}% 3
\BOOKMARK [2][-]{subsection.1.3}{Functions}{section.1}% 4
\BOOKMARK [1][-]{section.2}{Logic and Proofs}{}% 5
\BOOKMARK [2][-]{subsection.2.1}{Quantifiers and Logical Statements}{section.2}% 6
\BOOKMARK [2][-]{subsection.2.2}{Methods of proof}{section.2}% 7
\BOOKMARK [1][-]{section.3}{Induction}{}% 8
\BOOKMARK [2][-]{subsection.3.1}{Principle of Induction}{section.3}% 9
\BOOKMARK [1][-]{section.4}{Bijection and Cardinality}{}% 10
\BOOKMARK [2][-]{subsection.4.1}{Representing integers}{section.4}% 11
\BOOKMARK [2][-]{subsection.4.2}{Bijection}{section.4}% 12
\BOOKMARK [2][-]{subsection.4.3}{Cardinality}{section.4}% 13
\BOOKMARK [1][-]{section.5}{The Real Numbers}{}% 14
\BOOKMARK [2][-]{subsection.5.1}{Completeness Axiom}{section.5}% 15
\BOOKMARK [2][-]{subsection.5.2}{Limits and Continuity}{section.5}% 16
\BOOKMARK [2][-]{subsection.5.3}{K-ary expansion and discountability}{section.5}% 17
\BOOKMARK [1][-]{section.6}{Series and Sequences}{}% 18
\BOOKMARK [2][-]{subsection.6.1}{Limits}{section.6}% 19
\BOOKMARK [2][-]{subsection.6.2}{Cauchy Sequence}{section.6}% 20
\BOOKMARK [2][-]{subsection.6.3}{Infinite Series}{section.6}% 21
\BOOKMARK [1][-]{section.7}{Number Theory}{}% 22
\BOOKMARK [2][-]{subsection.7.1}{Divisibility in the Integers}{section.7}% 23
\BOOKMARK [2][-]{subsection.7.2}{Modular Arithmetic}{section.7}% 24
